<?xml version="1.0" encoding="UTF-8"?>
<testsuite xmlns:xsi="http://www.w3.org/2001/XMLSchema-instance" xsi:noNamespaceSchemaLocation="https://maven.apache.org/surefire/maven-surefire-plugin/xsd/surefire-test-report.xsd" name="prime.PrimeUnitTest" time="0.167" tests="19" errors="0" skipped="0" failures="0">
  <properties>
[...]
</properties>
  <testcase name="testSumOfDigitsWithEleven" classname="prime.PrimeUnitTest" time="0"/>
  <testcase name="testFindSmallestWithThreeZeroes" classname="prime.PrimeUnitTest" time="0.006"/>
  <testcase name="testFindSmallestWithElevenZeroes" classname="prime.PrimeUnitTest" time="0.053"/>
  <testcase name="testIsSixtyOnePrime" classname="prime.PrimeUnitTest" time="0"/>
  <testcase name="testSimpleDoubleAddition" classname="prime.PrimeUnitTest" time="0"/>
  <testcase name="testFindSmallestWithTwoZeroes" classname="prime.PrimeUnitTest" time="0.002"/>
  <testcase name="testFindSmallestWithNineZeroes" classname="prime.PrimeUnitTest" time="0.019"/>
  <testcase name="testBigIntegerAdditionA" classname="prime.PrimeUnitTest" time="0"/>
  <testcase name="testBigIntegerAdditionB" classname="prime.PrimeUnitTest" time="0.002"/>
  <testcase name="testInitiateThreads" classname="prime.PrimeUnitTest" time="0.003"/>
  <testcase name="testIsFiftyPrime" classname="prime.PrimeUnitTest" time="0"/>
  <testcase name="testSumOfDigitsWithFiveNines" classname="prime.PrimeUnitTest" time="0"/>
  <testcase name="testComplexDoubleAddition" classname="prime.PrimeUnitTest" time="0"/>
  <testcase name="testSmallestWithTwoZeroes" classname="prime.PrimeUnitTest" time="0"/>
  <testcase name="testFindSmallestWithFourZeroes" classname="prime.PrimeUnitTest" time="0.005"/>
  <testcase name="testMutation" classname="prime.PrimeUnitTest" time="0.001"/>
  <testcase name="testIsPrime" classname="prime.PrimeUnitTest" time="0.023"/>
  <testcase name="testFindSmallestWithTenZeroes" classname="prime.PrimeUnitTest" time="0.016"/>
  <testcase name="testIsSevenPrime" classname="prime.PrimeUnitTest" time="0"/>
</testsuite>